This is pdfTeX, Version 3.14159265-2.6-1.40.19 (TeX Live 2018/W32TeX) (preloaded format=pdflatex 2018.9.19)  15 OCT 2018 15:38
entering extended mode
 restricted \write18 enabled.
 file:line:error style messages enabled.
 %&-line parsing enabled.
**c:/Users/zhangzhen4/Desktop/Latex_su/Latex/articles/tbrw2_app_optimization.tex
(c:/Users/zhangzhen4/Desktop/Latex_su/Latex/articles/tbrw2_app_optimization.tex
LaTeX2e <2018-04-01> patch level 5
(c:/texlive/2018/texmf-dist/tex/latex/base/article.cls
Document Class: article 2014/09/29 v1.4h Standard LaTeX document class
(c:/texlive/2018/texmf-dist/tex/latex/base/size12.clo
File: size12.clo 2014/09/29 v1.4h Standard LaTeX file (size option)
)
\c@part=\count80
\c@section=\count81
\c@subsection=\count82
\c@subsubsection=\count83
\c@paragraph=\count84
\c@subparagraph=\count85
\c@figure=\count86
\c@table=\count87
\abovecaptionskip=\skip41
\belowcaptionskip=\skip42
\bibindent=\dimen102
)

! LaTeX Error: File `configs/article_config.tex' not found.

Type X to quit or <RETURN> to proceed,
or enter new name. (Default extension: tex)

Enter file name: 
c:/Users/zhangzhen4/Desktop/Latex_su/Latex/articles/tbrw2_app_optimization.tex:4: Emergency stop.
<read *> 
         
l.4 \input{configs/article_config.tex}
                                      ^^M
*** (cannot \read from terminal in nonstop modes)

 
Here is how much of TeX's memory you used:
 200 strings out of 492641
 2329 string characters out of 6133116
 59075 words of memory out of 5000000
 4175 multiletter control sequences out of 15000+600000
 3938 words of font info for 15 fonts, out of 8000000 for 9000
 1141 hyphenation exceptions out of 8191
 22i,0n,19p,180b,36s stack positions out of 5000i,500n,10000p,200000b,80000s
c:/Users/zhangzhen4/Desktop/Latex_su/Latex/articles/tbrw2_app_optimization.tex:4:  ==> Fatal error occurred, no output PDF file produced!
